0 silly argv {
0 silly argv   _: [ 'publish' ],
0 silly argv   composed: 'publish',
0 silly argv   lernaVersion: '7.2.0',
0 silly argv   '$0': 'D:\\node-v16.19.0-win-x64\\node_modules\\lerna\\dist\\cli.js'
0 silly argv }
1 notice cli v7.2.0
2 verbose packageConfigs Resolving packages based on package.json "workspaces" configuration.
3 verbose rootPath E:\WebStormProjects\monorepo
4 verbose session 40239245e7f56f14
5 verbose user-agent lerna/7.2.0/node@v16.19.0+x64 (win32)
6 silly argv { _: [ 'publish' ], composed: 'publish', lernaVersion: '7.2.0' }
7 verbose packageConfigs Resolving packages based on package.json "workspaces" configuration.
8 verbose rootPath E:\WebStormProjects\monorepo
9 info current version 0.5.0
10 silly isAnythingCommitted
11 verbose isAnythingCommitted 1
12 silly getCurrentBranch
13 verbose currentBranch master
14 silly remoteBranchExists
15 silly isBehindUpstream
16 silly isBehindUpstream master is behind origin/master by 0 commit(s) and ahead by 1
17 silly hasTags
18 verbose hasTags true
19 silly git-describe.sync "v0.5.0-1-gba37182" => {"lastTagName":"v0.5.0","lastVersion":"v0.5.0","refCount":"1","sha":"ba37182","isDirty":false}
20 info Looking for changed packages since v0.5.0
21 silly checking diff packages/company-cli
22 silly found diff in packages/company-cli/package.json
23 verbose filtered diff [ 'packages/company-cli/package.json' ]
24 silly checking diff packages/company-ui
25 silly found diff in packages/company-ui/__tests__/company-ui.test.js
25 silly found diff in packages/company-ui/package.json
26 verbose filtered diff [
26 verbose filtered diff   'packages/company-ui/__tests__/company-ui.test.js',
26 verbose filtered diff   'packages/company-ui/package.json'
26 verbose filtered diff ]
27 silly checking diff packages/company-util
28 silly found diff in packages/company-util/package.json
29 verbose filtered diff [ 'packages/company-util/package.json' ]
30 verbose updated company-cli
31 verbose updated company-ui
32 verbose updated company-util
33 verbose git-describe undefined => "v0.5.0-1-gba37182"
34 silly git-describe parsed => {"lastTagName":"v0.5.0","lastVersion":"v0.5.0","refCount":"1","sha":"ba37182","isDirty":false}
35 info execute Skipping releases
36 silly lifecycle No script for "preversion" in "monorepo", continuing
37 silly lifecycle No script for "preversion" in "company-cli", continuing
38 silly lifecycle No script for "preversion" in "company-util", continuing
39 verbose version company-cli has no lockfile. Skipping lockfile update.
40 verbose version company-util has no lockfile. Skipping lockfile update.
41 silly lifecycle No script for "version" in "company-util", continuing
42 silly lifecycle No script for "preversion" in "company-ui", continuing
43 silly lifecycle No script for "version" in "company-cli", continuing
44 verbose version company-ui has no lockfile. Skipping lockfile update.
45 silly lifecycle No script for "version" in "company-ui", continuing
46 verbose version Detected yarn version 1.22.19
47 silly lifecycle No script for "version" in "monorepo", continuing
48 silly gitAdd [
48 silly gitAdd   'packages/company-util/package.json',
48 silly gitAdd   'packages/company-cli/package.json',
48 silly gitAdd   'packages/company-ui/package.json',
48 silly gitAdd   'lerna.json'
48 silly gitAdd ]
49 silly gitCommit v0.6.0
50 verbose git [ 'commit', '-m', 'v0.6.0' ]
51 silly gitTag v0.6.0 git tag %s -m %s
52 verbose git [ 'tag', 'v0.6.0', '-m', 'v0.6.0' ]
53 silly lifecycle No script for "postversion" in "company-cli", continuing
54 silly lifecycle No script for "postversion" in "company-ui", continuing
55 silly lifecycle No script for "postversion" in "company-util", continuing
56 silly lifecycle No script for "postversion" in "monorepo", continuing
57 info git Pushing tags...
58 silly gitPush origin master
59 info publish Publishing packages to npm...
60 warn ENOLICENSE Packages company-cli, company-ui, and company-util are missing a license.
60 warn ENOLICENSE One way to fix this is to add a LICENSE.md file to the root of this repository.
60 warn ENOLICENSE See https://choosealicense.com for additional guidance.
61 silly getCurrentSHA
62 verbose getCurrentSHA f2d8dbb52e12146408ddb5f53156eb721eb5172a
63 silly lifecycle No script for "prepublish" in "monorepo", continuing
64 silly lifecycle No script for "prepare" in "monorepo", continuing
65 silly lifecycle No script for "prepublishOnly" in "monorepo", continuing
66 silly lifecycle No script for "prepack" in "monorepo", continuing
67 verbose pack-directory packages\company-cli
68 verbose pack-directory packages\company-util
69 silly lifecycle No script for "prepublish" in "company-cli", continuing
70 silly lifecycle No script for "prepublish" in "company-util", continuing
71 silly lifecycle No script for "prepare" in "company-cli", continuing
72 silly lifecycle No script for "prepare" in "company-util", continuing
73 silly lifecycle No script for "prepublishOnly" in "company-cli", continuing
74 silly lifecycle No script for "prepublishOnly" in "company-util", continuing
75 silly lifecycle No script for "prepack" in "company-cli", continuing
76 silly lifecycle No script for "prepack" in "company-util", continuing
77 silly lifecycle No script for "postpack" in "company-cli", continuing
78 verbose packed packages\company-cli
79 silly lifecycle No script for "postpack" in "company-util", continuing
80 verbose packed packages\company-util
81 verbose pack-directory packages\company-ui
82 silly lifecycle No script for "prepublish" in "company-ui", continuing
83 silly lifecycle No script for "prepare" in "company-ui", continuing
84 silly lifecycle No script for "prepublishOnly" in "company-ui", continuing
85 silly lifecycle No script for "prepack" in "company-ui", continuing
86 silly lifecycle No script for "postpack" in "company-ui", continuing
87 verbose packed packages\company-ui
88 silly lifecycle No script for "postpack" in "monorepo", continuing
89 verbose publish company-cli
90 verbose publish company-util
91 silly FetchError: request to https://registry.npmjs.org/company-util failed, reason: read ECONNRESET
91 silly     at ClientRequest.<anonymous> (E:\WebStormProjects\monorepo\node_modules\minipass-fetch\lib\index.js:130:14)
91 silly     at ClientRequest.emit (node:events:513:28)
91 silly     at TLSSocket.socketErrorListener (node:_http_client:494:9)
91 silly     at TLSSocket.emit (node:events:525:35)
91 silly     at emitErrorNT (node:internal/streams/destroy:157:8)
91 silly     at emitErrorCloseNT (node:internal/streams/destroy:122:3)
91 silly     at processTicksAndRejections (node:internal/process/task_queues:83:21)
91 silly  FetchError: request to https://registry.npmjs.org/company-util failed, reason: read ECONNRESET
91 silly     at ClientRequest.<anonymous> (E:\WebStormProjects\monorepo\node_modules\minipass-fetch\lib\index.js:130:14)
91 silly     at ClientRequest.emit (node:events:513:28)
91 silly     at TLSSocket.socketErrorListener (node:_http_client:494:9)
91 silly     at TLSSocket.emit (node:events:525:35)
91 silly     at emitErrorNT (node:internal/streams/destroy:157:8)
91 silly     at emitErrorCloseNT (node:internal/streams/destroy:122:3)
91 silly     at processTicksAndRejections (node:internal/process/task_queues:83:21) {
91 silly   code: 'ECONNRESET',
91 silly   errno: 'ECONNRESET',
91 silly   syscall: 'read',
91 silly   type: 'system'
91 silly }
92 warn notice Package failed to publish: company-util
93 error ECONNRESET request to https://registry.npmjs.org/company-util failed, reason: read ECONNRESET
94 error errno "ECONNRESET" is not a valid exit code - exiting with code 1
95 silly FetchError: request to https://registry.npmjs.org/company-cli failed, reason: read ECONNRESET
95 silly     at ClientRequest.<anonymous> (E:\WebStormProjects\monorepo\node_modules\minipass-fetch\lib\index.js:130:14)
95 silly     at ClientRequest.emit (node:events:513:28)
95 silly     at TLSSocket.socketErrorListener (node:_http_client:494:9)
95 silly     at TLSSocket.emit (node:events:525:35)
95 silly     at emitErrorNT (node:internal/streams/destroy:157:8)
95 silly     at emitErrorCloseNT (node:internal/streams/destroy:122:3)
95 silly     at processTicksAndRejections (node:internal/process/task_queues:83:21)
95 silly  FetchError: request to https://registry.npmjs.org/company-cli failed, reason: read ECONNRESET
95 silly     at ClientRequest.<anonymous> (E:\WebStormProjects\monorepo\node_modules\minipass-fetch\lib\index.js:130:14)
95 silly     at ClientRequest.emit (node:events:513:28)
95 silly     at TLSSocket.socketErrorListener (node:_http_client:494:9)
95 silly     at TLSSocket.emit (node:events:525:35)
95 silly     at emitErrorNT (node:internal/streams/destroy:157:8)
95 silly     at emitErrorCloseNT (node:internal/streams/destroy:122:3)
95 silly     at processTicksAndRejections (node:internal/process/task_queues:83:21) {
95 silly   code: 'ECONNRESET',
95 silly   errno: 'ECONNRESET',
95 silly   syscall: 'read',
95 silly   type: 'system'
95 silly }
96 warn notice Package failed to publish: company-cli
97 error ECONNRESET request to https://registry.npmjs.org/company-cli failed, reason: read ECONNRESET
98 error errno "ECONNRESET" is not a valid exit code - exiting with code 1
99 error FetchError: request to https://registry.npmjs.org/company-util failed, reason: read ECONNRESET
99 error     at ClientRequest.<anonymous> (E:\WebStormProjects\monorepo\node_modules\minipass-fetch\lib\index.js:130:14)
99 error     at ClientRequest.emit (node:events:513:28)
99 error     at TLSSocket.socketErrorListener (node:_http_client:494:9)
99 error     at TLSSocket.emit (node:events:525:35)
99 error     at emitErrorNT (node:internal/streams/destroy:157:8)
99 error     at emitErrorCloseNT (node:internal/streams/destroy:122:3)
